0 info it worked if it ends with ok
1 verbose cli [ 'P:\\nodejs\\node.exe',
1 verbose cli   'P:\\nodejs\\node_modules\\npm\\bin\\npm-cli.js',
1 verbose cli   'start' ]
2 info using npm@3.10.10
3 info using node@v6.11.0
4 verbose run-script [ 'prestart', 'start', 'poststart' ]
5 info lifecycle youtubeapp@1.2.0~prestart: youtubeapp@1.2.0
6 silly lifecycle youtubeapp@1.2.0~prestart: no script for prestart, continuing
7 info lifecycle youtubeapp@1.2.0~start: youtubeapp@1.2.0
8 verbose lifecycle youtubeapp@1.2.0~start: unsafe-perm in lifecycle true
9 verbose lifecycle youtubeapp@1.2.0~start: PATH: P:\nodejs\node_modules\npm\bin\node-gyp-bin;P:\YTPC\node_modules\.bin;C:\ProgramData\Oracle\Java\javapath;C:\Windows\system32;C:\Windows;C:\Windows\System32\Wbem;C:\Windows\System32\WindowsPowerShell\v1.0\;P:\nodejs\;P:\Git\cmd;C:\Users\boy15\AppData\Local\Microsoft\WindowsApps;C:\Users\boy15\AppData\Roaming\npm
10 verbose lifecycle youtubeapp@1.2.0~start: CWD: P:\YTPC
11 silly lifecycle youtubeapp@1.2.0~start: Args: [ '/d /s /c', 'electron .' ]
12 silly lifecycle youtubeapp@1.2.0~start: Returned: code: 1  signal: null
13 info lifecycle youtubeapp@1.2.0~start: Failed to exec start script
14 verbose stack Error: youtubeapp@1.2.0 start: `electron .`
14 verbose stack Exit status 1
14 verbose stack     at EventEmitter.<anonymous> (P:\nodejs\node_modules\npm\lib\utils\lifecycle.js:255:16)
14 verbose stack     at emitTwo (events.js:106:13)
14 verbose stack     at EventEmitter.emit (events.js:191:7)
14 verbose stack     at ChildProcess.<anonymous> (P:\nodejs\node_modules\npm\lib\utils\spawn.js:40:14)
14 verbose stack     at emitTwo (events.js:106:13)
14 verbose stack     at ChildProcess.emit (events.js:191:7)
14 verbose stack     at maybeClose (internal/child_process.js:891:16)
14 verbose stack     at Process.ChildProcess._handle.onexit (internal/child_process.js:226:5)
15 verbose pkgid youtubeapp@1.2.0
16 verbose cwd P:\YTPC
17 error Windows_NT 10.0.15063
18 error argv "P:\\nodejs\\node.exe" "P:\\nodejs\\node_modules\\npm\\bin\\npm-cli.js" "start"
19 error node v6.11.0
20 error npm  v3.10.10
21 error code ELIFECYCLE
22 error youtubeapp@1.2.0 start: `electron .`
22 error Exit status 1
23 error Failed at the youtubeapp@1.2.0 start script 'electron .'.
23 error Make sure you have the latest version of node.js and npm installed.
23 error If you do, this is most likely a problem with the youtubeapp package,
23 error not with npm itself.
23 error Tell the author that this fails on your system:
23 error     electron .
23 error You can get information on how to open an issue for this project with:
23 error     npm bugs youtubeapp
23 error Or if that isn't available, you can get their info via:
23 error     npm owner ls youtubeapp
23 error There is likely additional logging output above.
24 verbose exit [ 1, true ]
